[2025-09-26 20:52:01,411] multiqc                                            [DEBUG  ]  This is MultiQC v1.18
[2025-09-26 20:52:01,412] multiqc                                            [DEBUG  ]  Command used: /usr/bin/multiqc ../data/fastqc_output/SRR27104543_1_fastqc.zip ../data/fastqc_output/SRR27104543_2_fastqc.zip ../data/fastqc_output/SRR27104544_1_fastqc.zip ../data/fastqc_output/SRR27104544_2_fastqc.zip ../data/fastqc_output/SRR27104545_1_fastqc.zip ../data/fastqc_output/SRR27104545_2_fastqc.zip ../data/fastqc_output/SRR27104546_1_fastqc.zip ../data/fastqc_output/SRR27104546_2_fastqc.zip ../data/fastqc_output/SRR27104547_1_fastqc.zip ../data/fastqc_output/SRR27104547_2_fastqc.zip ../data/fastqc_output/SRR27104548_1_fastqc.zip ../data/fastqc_output/SRR27104548_2_fastqc.zip -n raw_fastq_files_QC -o multiqc_results
[2025-09-26 20:52:01,903] multiqc                                            [WARNING]  MultiQC Version v1.31 now available!
[2025-09-26 20:52:01,903] multiqc                                            [DEBUG  ]  Working dir : /mnt/d/portfolio_projects_2025/bulk-rna-sequencing/data
[2025-09-26 20:52:01,903] multiqc                                            [DEBUG  ]  Template    : default
[2025-09-26 20:52:01,903] multiqc                                            [DEBUG  ]  Running Python 3.12.3 (main, Aug 14 2025, 17:47:21) [GCC 13.3.0]
[2025-09-26 20:52:01,903] multiqc                                            [DEBUG  ]  Analysing modules: custom_content, ccs, ngsderive, purple, conpair, lima, peddy, somalier, methylQA, mosdepth, phantompeakqualtools, qualimap, preseq, hifiasm, quast, qorts, rna_seqc, rockhopper, rsem, rseqc, busco, bustools, goleft_indexcov, gffcompare, disambiguate, supernova, deeptools, sargasso, verifybamid, mirtrace, happy, mirtop, sambamba, gopeaks, homer, hops, macs2, theta2, snpeff, gatk, htseq, bcftools, featureCounts, fgbio, dragen, dragen_fastqc, dedup, pbmarkdup, damageprofiler, mapdamage, biobambam2, jcvi, mtnucratio, picard, vep, bakta, prokka, qc3C, nanostat, samblaster, samtools, sexdeterrmine, seqera_cli, eigenstratdatabasetools, bamtools, jellyfish, vcftools, longranger, stacks, varscan2, snippy, umitools, truvari, bbmap, bismark, biscuit, diamond, hicexplorer, hicup, hicpro, salmon, kallisto, slamdunk, star, hisat2, tophat, bowtie2, bowtie1, cellranger, snpsplit, odgi, pangolin, nextclade, freyja, humid, kat, leehom, librarian, adapterRemoval, bbduk, clipandmerge, cutadapt, flexbar, sourmash, kaiju, bracken, kraken, malt, motus, trimmomatic, sickle, skewer, sortmerna, biobloomtools, fastq_screen, afterqc, fastp, fastqc, filtlong, prinseqplusplus, pychopper, porechop, pycoqc, minionqc, anglerfish, multivcfanalyzer, clusterflow, checkqc, bcl2fastq, bclconvert, interop, ivar, flash, seqyclean, optitype, whatshap, xenome, xengsort
[2025-09-26 20:52:01,904] multiqc                                            [DEBUG  ]  Using temporary directory for creating report: /tmp/tmpppo8rkhf
[2025-09-26 20:52:01,906] multiqc                                            [INFO   ]  Search path : /mnt/d/portfolio_projects_2025/bulk-rna-sequencing/data/fastqc_output/SRR27104543_1_fastqc.zip
[2025-09-26 20:52:01,906] multiqc                                            [INFO   ]  Search path : /mnt/d/portfolio_projects_2025/bulk-rna-sequencing/data/fastqc_output/SRR27104543_2_fastqc.zip
[2025-09-26 20:52:01,906] multiqc                                            [INFO   ]  Search path : /mnt/d/portfolio_projects_2025/bulk-rna-sequencing/data/fastqc_output/SRR27104544_1_fastqc.zip
[2025-09-26 20:52:01,906] multiqc                                            [INFO   ]  Search path : /mnt/d/portfolio_projects_2025/bulk-rna-sequencing/data/fastqc_output/SRR27104544_2_fastqc.zip
[2025-09-26 20:52:01,906] multiqc                                            [INFO   ]  Search path : /mnt/d/portfolio_projects_2025/bulk-rna-sequencing/data/fastqc_output/SRR27104545_1_fastqc.zip
[2025-09-26 20:52:01,906] multiqc                                            [INFO   ]  Search path : /mnt/d/portfolio_projects_2025/bulk-rna-sequencing/data/fastqc_output/SRR27104545_2_fastqc.zip
[2025-09-26 20:52:01,906] multiqc                                            [INFO   ]  Search path : /mnt/d/portfolio_projects_2025/bulk-rna-sequencing/data/fastqc_output/SRR27104546_1_fastqc.zip
[2025-09-26 20:52:01,906] multiqc                                            [INFO   ]  Search path : /mnt/d/portfolio_projects_2025/bulk-rna-sequencing/data/fastqc_output/SRR27104546_2_fastqc.zip
[2025-09-26 20:52:01,907] multiqc                                            [INFO   ]  Search path : /mnt/d/portfolio_projects_2025/bulk-rna-sequencing/data/fastqc_output/SRR27104547_1_fastqc.zip
[2025-09-26 20:52:01,907] multiqc                                            [INFO   ]  Search path : /mnt/d/portfolio_projects_2025/bulk-rna-sequencing/data/fastqc_output/SRR27104547_2_fastqc.zip
[2025-09-26 20:52:01,907] multiqc                                            [INFO   ]  Search path : /mnt/d/portfolio_projects_2025/bulk-rna-sequencing/data/fastqc_output/SRR27104548_1_fastqc.zip
[2025-09-26 20:52:01,907] multiqc                                            [INFO   ]  Search path : /mnt/d/portfolio_projects_2025/bulk-rna-sequencing/data/fastqc_output/SRR27104548_2_fastqc.zip
[2025-09-26 20:52:01,987] multiqc                                            [DEBUG  ]  Summary of files that were skipped by the search: []
[2025-09-26 20:52:02,318] multiqc.plots.bargraph                             [DEBUG  ]  Using matplotlib version 3.6.3
[2025-09-26 20:52:02,319] multiqc.plots.linegraph                            [DEBUG  ]  Using matplotlib version 3.6.3
[2025-09-26 20:52:02,320] multiqc                                            [DEBUG  ]  No samples found: custom_content
[2025-09-26 20:52:02,942] multiqc.modules.fastqc.fastqc                      [INFO   ]  Found 12 reports
[2025-09-26 20:52:02,980] multiqc.utils.software_versions                    [DEBUG  ]  Reading software versions from config.software_versions
[2025-09-26 20:52:02,989] multiqc                                            [DEBUG  ]  Compressing plot data
[2025-09-26 20:52:03,118] multiqc                                            [INFO   ]  Report      : multiqc_results/raw_fastq_files_QC.html
[2025-09-26 20:52:03,118] multiqc                                            [INFO   ]  Data        : multiqc_results/raw_fastq_files_QC_data
[2025-09-26 20:52:03,118] multiqc                                            [DEBUG  ]  Moving data file from '/tmp/tmpppo8rkhf/multiqc_data' to 'multiqc_results/raw_fastq_files_QC_data'
[2025-09-26 20:52:03,165] multiqc                                            [DEBUG  ]  Full report path: /mnt/d/portfolio_projects_2025/bulk-rna-sequencing/data/multiqc_results/raw_fastq_files_QC.html
[2025-09-26 20:52:03,232] multiqc                                            [ERROR  ]  Could not include file 'assets/js/packages/jszip.min.js': [Errno 2] No such file or directory: '/tmp/tmpppo8rkhf/assets/js/packages/jszip.min.js'
[2025-09-26 20:52:03,288] multiqc                                            [INFO   ]  MultiQC complete
